<?xml version="1.0" encoding="UTF-8"?>
<!-- Generated by org.testng.reporters.JUnitXMLReporter -->
<testsuite ignored="0" hostname="Kronos" failures="1" tests="1" name="Billing Tests" time="280.679" errors="0" timestamp="2025-04-30T18:38:06 PDT">
  <testcase classname="com.skylark.automation.Billing_software_E2E.BillingDashboardTest" name="testBillingAndShippingAddress" time="265.691">
    <failure type="java.lang.AssertionError" message="Exception occurred: Expected condition failed: waiting for visibility of Proxy element for: DefaultElementLocator &amp;apos;By.xpath: //div[text()=&amp;apos;Billing Address&amp;apos;]/following-sibling::div&amp;apos; (tried for 45 second(s) with 500 milliseconds interval)">
      <![CDATA[java.lang.AssertionError: Exception occurred: Expected condition failed: waiting for visibility of Proxy element for: DefaultElementLocator 'By.xpath: //div[text()='Billing Address']/following-sibling::div' (tried for 45 second(s) with 500 milliseconds interval)
at com.skylark.automation.Billing_software_E2E.BillingDashboardTest.testBillingAndShippingAddress(BillingDashboardTest.java:121)
at java.base/java.util.ArrayList.forEach(ArrayList.java:1596)
... Removed 26 stack frames]]>
    </failure>
  </testcase> <!-- testBillingAndShippingAddress -->
</testsuite> <!-- Billing Tests -->
