<?xml version="1.0" encoding="UTF-8"?>
<testng-results ignored="0" total="1" passed="1" failed="0" skipped="0">
  <reporter-output>
  </reporter-output>
  <suite started-at="2025-04-30T19:30:55 PDT" name="Zoho Billing Test Suite" finished-at="2025-04-30T19:33:36 PDT" duration-ms="161246">
    <groups>
    </groups>
    <test started-at="2025-04-30T19:30:55 PDT" name="Billing Tests" finished-at="2025-04-30T19:33:36 PDT" duration-ms="161246">
      <class name="com.skylark.automation.Billing_software_E2E.BillingDashboardTest">
        <test-method is-config="true" signature="setUp()[pri:0, instance:com.skylark.automation.Billing_software_E2E.BillingDashboardTest@418c020b]" started-at="2025-04-30T19:30:55 PDT" name="setUp" finished-at="2025-04-30T19:31:10 PDT" duration-ms="15857" status="PASS">
          <reporter-output>
          </reporter-output>
        </test-method> <!-- setUp -->
        <test-method signature="testBillingAndShippingAddress()[pri:0, instance:com.skylark.automation.Billing_software_E2E.BillingDashboardTest@418c020b]" started-at="2025-04-30T19:31:11 PDT" name="testBillingAndShippingAddress" finished-at="2025-04-30T19:33:36 PDT" duration-ms="144999" status="PASS">
          <reporter-output>
          </reporter-output>
        </test-method> <!-- testBillingAndShippingAddress -->
        <test-method is-config="true" signature="tearDown()[pri:0, instance:com.skylark.automation.Billing_software_E2E.BillingDashboardTest@418c020b]" started-at="2025-04-30T19:33:36 PDT" name="tearDown" finished-at="2025-04-30T19:33:36 PDT" duration-ms="206" status="PASS">
          <reporter-output>
          </reporter-output>
        </test-method> <!-- tearDown -->
      </class> <!-- com.skylark.automation.Billing_software_E2E.BillingDashboardTest -->
    </test> <!-- Billing Tests -->
  </suite> <!-- Zoho Billing Test Suite -->
</testng-results>
