<?xml version="1.0" encoding="UTF-8"?>
<testsuite xmlns:xsi="http://www.w3.org/2001/XMLSchema-instance" xsi:noNamespaceSchemaLocation="https://maven.apache.org/surefire/maven-surefire-plugin/xsd/surefire-test-report-3.0.xsd" version="3.0" name="TestSuite" time="162.103" tests="1" errors="0" skipped="0" failures="0">
  <properties>
[...]
</properties>
  <testcase name="testBillingAndShippingAddress" classname="com.skylark.automation.Billing_software_E2E.BillingDashboardTest" time="145.213">
    <system-err><![CDATA[May 01, 2025 10:29:37 AM com.skylark.automation.Billing_software_E2E.BillingDashboardTest setUp
INFO: Launching browser...
May 01, 2025 10:29:40 AM org.openqa.selenium.devtools.CdpVersionFinder findNearestMatch
WARNING: Unable to find CDP implementation matching 135
May 01, 2025 10:29:40 AM org.openqa.selenium.chromium.ChromiumDriver lambda$new$5
WARNING: Unable to find version of CDP to use for 135.0.7049.115. You may need to include a dependency on a specific version of the CDP using something similar to `org.seleniumhq.selenium:selenium-devtools-v86:4.16.1` where the version ("v86") matches the version of the chromium-based browser you're using and the version number of the artifact is the same as Selenium's.
May 01, 2025 10:29:52 AM com.skylark.automation.Billing_software_E2E.BillingDashboardTest testBillingAndShippingAddress
INFO: Opening 'Customers' tab...
May 01, 2025 10:30:14 AM com.skylark.automation.Billing_software_E2E.BillingDashboardTest captureScreenshot
INFO: Capturing screenshot: After clicking Customers tab
May 01, 2025 10:30:14 AM com.skylark.automation.Billing_software_E2E.BillingDashboardTest testBillingAndShippingAddress
INFO: Selecting customer 'Ethan Clarke'...
May 01, 2025 10:32:16 AM com.skylark.automation.Billing_software_E2E.BillingDashboardTest captureScreenshot
INFO: Capturing screenshot: After selecting Ethan Clarke
May 01, 2025 10:32:17 AM com.skylark.automation.Billing_software_E2E.BillingDashboardTest testBillingAndShippingAddress
INFO: Billing Address: Cathrine
60949 Gabrielle Courts Suite 685
513 Garnett Ways Apt. 339
South Celestino, Maine, 081-303
Costa Rica
Phone: (993)-497-265
Fax Number: 1-290-542-3382 x15336
May 01, 2025 10:32:17 AM com.skylark.automation.Billing_software_E2E.BillingDashboardTest testBillingAndShippingAddress
INFO: Shipping Address: Evelyn
93075 Destinee Glen Suite 164
5763 Nichole Estates Suite 051
Aleencester, New Mexico, 822-927
Pitcairn Islands
Phone: (229)-782-904
Fax Number: 1-487-321-8943 x05966
May 01, 2025 10:32:17 AM com.skylark.automation.Billing_software_E2E.BillingDashboardTest captureScreenshot
INFO: Capturing screenshot: Address information
]]></system-err>
  </testcase>
</testsuite>