<?xml version="1.0" encoding="UTF-8"?>
<!-- Generated by org.testng.reporters.JUnitReportReporter -->
<testsuite hostname="Kronos" failures="0" tests="1" name="com.skylark.automation.Billing_software_E2E.BillingDashboardTest" time="157.988" errors="0" timestamp="2025-04-27T13:40:16 PDT" skipped="0">
  <testcase classname="com.skylark.automation.Billing_software_E2E.BillingDashboardTest" name="testBillingAndShippingAddress" time="157.988"/>
</testsuite> <!-- com.skylark.automation.Billing_software_E2E.BillingDashboardTest -->
