<?xml version="1.0" encoding="UTF-8"?>
<!-- Generated by org.testng.reporters.JUnitReportReporter -->
<testsuite hostname="Kronos" failures="0" tests="1" name="com.skylark.automation.Billing_software_E2E.BillingDashboardTest" time="160.208" errors="0" timestamp="2025-05-01T10:32:17 PDT" skipped="0">
  <testcase classname="com.skylark.automation.Billing_software_E2E.BillingDashboardTest" name="testBillingAndShippingAddress" time="160.208"/>
</testsuite> <!-- com.skylark.automation.Billing_software_E2E.BillingDashboardTest -->
