<?xml version="1.0" encoding="UTF-8"?>
<!-- Generated by org.testng.reporters.JUnitReportReporter -->
<testsuite hostname="Kronos" failures="0" tests="1" name="com.skylark.automation.Billing_software_E2E.BillingDashboardTest" time="161.062" errors="0" timestamp="2025-04-30T19:33:36 PDT" skipped="0">
  <testcase classname="com.skylark.automation.Billing_software_E2E.BillingDashboardTest" name="testBillingAndShippingAddress" time="161.062"/>
</testsuite> <!-- com.skylark.automation.Billing_software_E2E.BillingDashboardTest -->
